mode: set
RBTree/helper.go:18.30,24.3 5 1
RBTree/helper.go:26.44,31.20 5 1
RBTree/helper.go:31.20,35.20 4 1
RBTree/helper.go:44.3,44.20 1 1
RBTree/helper.go:47.3,47.21 1 1
RBTree/helper.go:50.3,51.51 2 1
RBTree/helper.go:35.20,36.18 1 1
RBTree/helper.go:36.18,38.5 1 1
RBTree/helper.go:38.10,40.5 1 1
RBTree/helper.go:41.9,43.4 1 1
RBTree/helper.go:44.20,46.4 1 1
RBTree/helper.go:47.21,49.4 1 1
RBTree/helper.go:51.51,55.4 3 1
RBTree/helper.go:59.43,62.27 3 1
RBTree/helper.go:69.2,69.12 1 1
RBTree/helper.go:62.27,63.59 1 1
RBTree/helper.go:66.3,67.14 2 1
RBTree/helper.go:63.59,65.4 1 1
RBTree/helper.go:73.44,74.17 1 1
RBTree/helper.go:77.2,79.30 3 1
RBTree/helper.go:82.2,82.19 1 1
RBTree/helper.go:74.17,76.3 1 1
RBTree/helper.go:79.30,81.3 1 1
RBTree/helper.go:85.62,86.19 1 1
RBTree/helper.go:89.2,89.15 1 1
RBTree/helper.go:86.19,88.3 1 1
RBTree/helper.go:89.15,91.17 2 1
RBTree/helper.go:96.3,96.13 1 1
RBTree/helper.go:101.3,101.17 1 1
RBTree/helper.go:106.3,106.17 1 1
RBTree/helper.go:91.17,93.4 1 1
RBTree/helper.go:93.9,95.4 1 1
RBTree/helper.go:96.13,98.4 1 1
RBTree/helper.go:98.9,100.4 1 1
RBTree/helper.go:101.17,103.4 1 1
RBTree/helper.go:103.9,105.4 1 1
RBTree/helper.go:106.17,108.4 1 1
RBTree/helper.go:108.9,110.4 1 1
RBTree/helper.go:111.8,114.3 2 1
RBTree/node.go:40.34,45.2 4 1
RBTree/node.go:50.46,53.16 2 1
RBTree/node.go:56.2,58.28 3 1
RBTree/node.go:63.2,63.12 1 1
RBTree/node.go:53.16,55.3 1 1
RBTree/node.go:58.28,62.3 3 1
RBTree/node.go:69.59,73.2 2 1
RBTree/node.go:78.38,80.2 1 1
RBTree/node.go:85.39,87.17 2 1
RBTree/node.go:90.2,90.20 1 1
RBTree/node.go:93.2,99.12 6 1
RBTree/node.go:87.17,89.3 1 1
RBTree/node.go:90.20,92.3 1 1
RBTree/node.go:105.34,109.2 3 1
RBTree/node.go:111.51,112.21 1 1
RBTree/node.go:115.2,117.37 3 1
RBTree/node.go:112.21,114.3 1 1
RBTree/node.go:120.38,121.25 1 1
RBTree/node.go:124.2,124.28 1 1
RBTree/node.go:121.25,123.3 1 1
RBTree/node.go:124.28,125.28 1 1
RBTree/node.go:128.3,128.31 1 1
RBTree/node.go:125.28,127.4 1 1
RBTree/node.go:129.8,130.27 1 1
RBTree/node.go:133.3,133.30 1 1
RBTree/node.go:130.27,132.4 1 1
RBTree/node.go:137.32,138.24 1 1
RBTree/node.go:141.2,141.13 1 1
RBTree/node.go:138.24,140.3 1 1
RBTree/node.go:145.44,146.29 1 1
RBTree/node.go:150.2,150.31 1 1
RBTree/node.go:165.2,165.13 1 1
RBTree/node.go:146.29,149.3 2 1
RBTree/node.go:150.31,151.28 1 1
RBTree/node.go:151.28,154.4 2 1
RBTree/node.go:154.9,156.4 1 1
RBTree/node.go:157.8,158.27 1 1
RBTree/node.go:158.27,161.4 2 1
RBTree/node.go:161.9,163.4 1 1
RBTree/node.go:168.28,169.53 1 1
RBTree/node.go:172.2,175.28 4 1
RBTree/node.go:180.2,180.38 1 1
RBTree/node.go:202.2,202.39 1 1
RBTree/node.go:169.53,171.3 1 1
RBTree/node.go:175.28,177.3 1 1
RBTree/node.go:177.8,179.3 1 1
RBTree/node.go:180.38,181.10 1 1
RBTree/node.go:182.55,185.10 3 1
RBTree/node.go:186.55,189.10 3 1
RBTree/node.go:190.92,194.10 4 1
RBTree/node.go:195.90,199.10 4 1
RBTree/node.go:202.39,207.3 4 1
RBTree/node.go:211.27,218.24 7 1
RBTree/node.go:218.24,219.33 1 1
RBTree/node.go:219.33,221.4 1 1
RBTree/node.go:221.9,221.41 1 1
RBTree/node.go:221.41,223.4 1 1
RBTree/node.go:227.28,234.24 7 1
RBTree/node.go:234.24,235.33 1 1
RBTree/node.go:235.33,237.4 1 1
RBTree/node.go:237.9,237.41 1 1
RBTree/node.go:237.41,239.4 1 1
RBTree/node.go:243.38,244.20 1 1
RBTree/node.go:247.2,247.12 1 1
RBTree/node.go:244.20,246.3 1 1
RBTree/node.go:251.33,252.18 1 1
RBTree/node.go:287.2,287.12 1 1
RBTree/node.go:252.18,253.27 1 1
RBTree/node.go:253.27,258.25 5 1
RBTree/node.go:258.25,260.5 1 0
RBTree/node.go:260.10,263.5 2 1
RBTree/node.go:264.9,264.35 1 1
RBTree/node.go:264.35,269.26 5 1
RBTree/node.go:269.26,271.5 1 0
RBTree/node.go:271.10,274.5 2 1
RBTree/node.go:275.9,280.4 4 1
RBTree/node.go:281.8,286.3 4 1
RBTree/node.go:290.36,291.26 1 1
RBTree/node.go:294.2,295.28 2 1
RBTree/node.go:298.2,298.13 1 1
RBTree/node.go:291.26,293.3 1 1
RBTree/node.go:295.28,297.3 1 1
RBTree/node.go:302.30,303.52 1 1
RBTree/node.go:303.52,307.25 4 1
RBTree/node.go:313.3,317.78 3 1
RBTree/node.go:323.3,323.79 1 1
RBTree/node.go:329.3,329.104 1 1
RBTree/node.go:340.3,342.13 3 1
RBTree/node.go:351.3,351.90 1 1
RBTree/node.go:364.3,364.66 1 1
RBTree/node.go:307.25,310.4 2 1
RBTree/node.go:310.9,312.4 1 1
RBTree/node.go:317.78,321.4 3 1
RBTree/node.go:323.79,327.4 3 1
RBTree/node.go:329.104,330.14 1 1
RBTree/node.go:335.4,338.10 4 1
RBTree/node.go:330.14,332.5 1 1
RBTree/node.go:332.10,334.5 1 1
RBTree/node.go:342.13,345.4 2 1
RBTree/node.go:345.9,348.4 2 1
RBTree/node.go:351.90,352.14 1 1
RBTree/node.go:357.4,360.10 4 1
RBTree/node.go:352.14,354.5 1 1
RBTree/node.go:354.10,356.5 1 1
RBTree/node.go:364.66,365.14 1 1
RBTree/node.go:370.4,372.25 3 1
RBTree/node.go:365.14,367.5 1 1
RBTree/node.go:367.10,369.5 1 1
